<?xml version="1.0" encoding="UTF-8"?>
  <testsuite tests="6" failures="0" time="0.001615806">
      <testcase name="Parser Parsing Maven Surefire XML report should have failures in the results" classname="Test Results parsing Suite" time="0.000452099"></testcase>
      <testcase name="Parser Parsing Maven Surefire XML report should parse summary" classname="Test Results parsing Suite" time="0.000290103"></testcase>
      <testcase name="Parser Parsing Maven Surefire XML report should convert to TestResult when multiple failures reported" classname="Test Results parsing Suite" time="0.000401359"></testcase>
      <testcase name="Parser Parsing Maven Surefire XML report should convert entire report" classname="Test Results parsing Suite" time="0.00013688"></testcase>
      <testcase name="Parser Parsing Maven Failsafe summary report Should convert summary report to TestResult" classname="Test Results parsing Suite" time="5.7552e-05"></testcase>
      <testcase name="Parser Parsing Gradle default test results Should convert single test error to TestResult" classname="Test Results parsing Suite" time="0.00019162400000000002"></testcase>
  </testsuite>